<?xml version="1.0" encoding="UTF-8"?>
<!-- Generated by org.testng.reporters.JUnitReportReporter -->
<testsuite hostname="LAPTOP-V0FRCFH4" failures="0" tests="1" name="testng.Amazone_Window_handling" time="5.429" errors="0" timestamp="2024-09-23T20:24:31 IST" skipped="0">
  <testcase classname="testng.Amazone_Window_handling" name="test" time="5.429"/>
  <system-out/>
</testsuite> <!-- testng.Amazone_Window_handling -->
