<?xml version="1.0" encoding="UTF-8"?>
<!-- Generated by org.testng.reporters.JUnitReportReporter -->
<testsuite hostname="DESKTOP-I3MC8MT" failures="0" tests="1" name="testng.Copypaste" time="1.354" errors="0" timestamp="2024-09-06T16:16:27 IST" skipped="0">
  <testcase classname="testng.Copypaste" name="copypaste" time="1.354"/>
  <system-out/>
</testsuite> <!-- testng.Copypaste -->
