<?xml version="1.0" encoding="UTF-8"?>
<!-- Generated by org.testng.reporters.JUnitReportReporter -->
<testsuite hostname="DESKTOP-I3MC8MT" failures="0" tests="2" name="testng.Testnggroup" time="0.035" errors="0" timestamp="2024-09-05T01:53:43 IST" skipped="0">
  <testcase classname="testng.Testnggroup" name="test1" time="0.027"/>
  <system-out/>
  <testcase classname="testng.Testnggroup" name="test2" time="0.008"/>
  <system-out/>
</testsuite> <!-- testng.Testnggroup -->
