<?xml version="1.0" encoding="UTF-8"?>
<!-- Generated by org.testng.reporters.JUnitReportReporter -->
<testsuite hostname="DESKTOP-I3MC8MT" failures="0" tests="1" name="testng.DatePicker" time="1.250" errors="0" timestamp="2024-09-19T17:03:26 IST" skipped="0">
  <testcase classname="testng.DatePicker" name="datepicker" time="1.250"/>
  <system-out/>
</testsuite> <!-- testng.DatePicker -->
