<?xml version="1.0" encoding="UTF-8"?>
<!-- Generated by org.testng.reporters.JUnitReportReporter -->
<testsuite hostname="DESKTOP-I3MC8MT" failures="0" tests="1" name="testng.Drag_and_drop" time="1.743" errors="0" timestamp="2024-09-10T15:25:42 IST" skipped="0">
  <testcase classname="testng.Drag_and_drop" name="drag" time="1.743"/>
  <system-out/>
</testsuite> <!-- testng.Drag_and_drop -->
