<?xml version="1.0" encoding="UTF-8"?>
<!-- Generated by org.testng.reporters.JUnitReportReporter -->
<testsuite hostname="LAPTOP-V0FRCFH4" failures="0" tests="1" name="testpkg.Fblogintest" time="0.232" errors="0" timestamp="2024-09-25T13:12:21 IST" skipped="0">
  <testcase classname="testpkg.Fblogintest" name="test" time="0.232"/>
  <system-out/>
</testsuite> <!-- testpkg.Fblogintest -->
