<?xml version="1.0" encoding="UTF-8"?>
<!-- Generated by org.testng.reporters.JUnitReportReporter -->
<testsuite hostname="DESKTOP-I3MC8MT" failures="0" tests="1" name="testng.Ebay" time="16.618" errors="0" timestamp="2024-09-09T16:11:44 IST" skipped="0">
  <testcase classname="testng.Ebay" name="tet" time="16.618"/>
  <system-out/>
</testsuite> <!-- testng.Ebay -->
