<?xml version="1.0" encoding="UTF-8"?>
<!-- Generated by org.testng.reporters.JUnitReportReporter -->
<testsuite hostname="LAPTOP-V0FRCFH4" failures="0" tests="1" name="testng.Datadriventest" time="15.021" errors="0" timestamp="2024-09-27T13:04:45 IST" skipped="0">
  <testcase classname="testng.Datadriventest" name="datadriven" time="15.021"/>
  <system-out/>
</testsuite> <!-- testng.Datadriventest -->
