<?xml version="1.0" encoding="UTF-8"?>
<!-- Generated by org.testng.reporters.JUnitReportReporter -->
<testsuite hostname="LAPTOP-V0FRCFH4" failures="0" tests="6" name="testng.Testngdemo" time="0.015" errors="0" timestamp="2024-09-23T20:04:01 IST" skipped="1">
  <testcase classname="testng.Testngdemo" name="test1" time="0.001"/>
  <system-out/>
  <testcase classname="testng.Testngdemo" name="test1" time="0.008"/>
  <system-out/>
  <testcase classname="testng.Testngdemo" name="test1" time="0.002"/>
  <system-out/>
  <testcase classname="testng.Testngdemo" name="test2" time="0.002"/>
  <system-out/>
  <testcase classname="testng.Testngdemo" name="test4" time="0.002"/>
  <system-out/>
  <testcase classname="testng.Testngdemo" name="test3">
    <skipped/>
  </testcase> <!-- test3 -->
  <system-out/>
</testsuite> <!-- testng.Testngdemo -->
