<?xml version="1.0" encoding="UTF-8"?>
<!-- Generated by org.testng.reporters.JUnitReportReporter -->
<testsuite hostname="DESKTOP-I3MC8MT" failures="0" tests="1" name="testng.Redifftextverification" time="16.563" errors="0" timestamp="2024-09-10T15:58:56 IST" skipped="0">
  <testcase classname="testng.Redifftextverification" name="test" time="16.563"/>
  <system-out/>
</testsuite> <!-- testng.Redifftextverification -->
