<?xml version="1.0" encoding="UTF-8"?>
<!-- Generated by org.testng.reporters.JUnitReportReporter -->
<testsuite hostname="DESKTOP-I3MC8MT" failures="0" tests="2" name="testng.Janasya1" time="18.486" errors="0" timestamp="2024-09-18T19:07:41 IST" skipped="0">
  <testcase classname="testng.Janasya1" name="test" time="0.054"/>
  <system-out/>
  <testcase classname="testng.Janasya1" name="option" time="18.432"/>
  <system-out/>
</testsuite> <!-- testng.Janasya1 -->
