<?xml version="1.0" encoding="UTF-8"?>
<!-- Generated by org.testng.reporters.JUnitReportReporter -->
<testsuite hostname="DESKTOP-I3MC8MT" failures="0" tests="1" name="pkg.Fileupload" time="111.465" errors="0" timestamp="2024-09-18T16:59:25 IST" skipped="0">
  <testcase classname="pkg.Fileupload" name="main" time="111.465"/>
  <system-out/>
</testsuite> <!-- pkg.Fileupload -->
