<?xml version="1.0" encoding="UTF-8"?>
<!-- Generated by org.testng.reporters.JUnitReportReporter -->
<testsuite hostname="LAPTOP-V0FRCFH4" failures="0" tests="1" name="testpkg.Fbsignintest" time="6.071" errors="0" timestamp="2024-09-25T15:12:27 IST" skipped="0">
  <testcase classname="testpkg.Fbsignintest" name="test" time="6.071"/>
  <system-out/>
</testsuite> <!-- testpkg.Fbsignintest -->
