<?xml version="1.0" encoding="UTF-8"?>
<!-- Generated by org.testng.reporters.JUnitReportReporter -->
<testsuite hostname="DESKTOP-I3MC8MT" failures="0" tests="3" name="testng.Redifftestng" time="28.978" errors="0" timestamp="2024-09-06T12:53:10 IST" skipped="0">
  <testcase classname="testng.Redifftestng" name="button" time="10.496"/>
  <system-out/>
  <testcase classname="testng.Redifftestng" name="logo" time="10.794"/>
  <system-out/>
  <testcase classname="testng.Redifftestng" name="radioelements" time="7.688"/>
  <system-out/>
</testsuite> <!-- testng.Redifftestng -->
